<?xml version="1.0" encoding="UTF-8"?>
<testsuites>
  <testsuite name="Test_for_basic_item_purchase_process" timestamp="2021-05-17T19:48:05" time="22.66" tests="6" failures="0" errors="0" skipped="0">
    <properties>
      <property name="specId" value="0"/>
      <property name="suiteName" value="Test for basic item purchase process"/>
      <property name="capabilities" value="chrome.87_0_4280_88.linux"/>
      <property name="file" value="./wdioTests/specs/purchase.js"/>
    </properties>
    <testcase classname="chrome.87_0_4280_88.linux.Test_for_basic_item_purchase_process" name="adds_an_item_to_the_cart_and_checks_if_it_was_successful" time="1.15">
      <system-out>
        <![CDATA[
COMMAND: POST /session/23f0169064fed800be9407b0a0df72f3/element - {"using":"xpath","value":"//ul[@id='homefeatured']//*[contains(text(), '27')]/ancestor::div[contains(@class, 'product-container')]//a[contains(text(), 'Blouse')]/ancestor::div[contains(@class, 'product-container')]//*[contains(text(), 'Add to cart')]/ancestor::a"}
RESULT: {"using":"xpath","value":"//ul[@id='homefeatured']//*[contains(text(), '27')]/ancestor::div[contains(@class, 'product-container')]//a[contains(text(), 'Blouse')]/ancestor::div[contains(@class, 'product-container')]//*[contains(text(), 'Add to cart')]/ancestor::a"}
COMMAND: POST /session/23f0169064fed800be9407b0a0df72f3/elements - {"using":"xpath","value":"//ul[@id='homefeatured']//*[contains(text(), '27')]/ancestor::div[contains(@class, 'product-container')]//a[contains(text(), 'Blouse')]/ancestor::div[contains(@class, 'product-container')]//*[contains(text(), 'Add to cart')]/ancestor::a"}
RESULT: {"using":"xpath","value":"//ul[@id='homefeatured']//*[contains(text(), '27')]/ancestor::div[contains(@class, 'product-container')]//a[contains(text(), 'Blouse')]/ancestor::div[contains(@class, 'product-container')]//*[contains(text(), 'Add to cart')]/ancestor::a"}
COMMAND: POST /session/23f0169064fed800be9407b0a0df72f3/element - {"using":"xpath","value":"//ul[@id='homefeatured']//*[contains(text(), '27')]/ancestor::div[contains(@class, 'product-container')]//a[contains(text(), 'Blouse')]/ancestor::div[contains(@class, 'product-container')]//*[contains(text(), 'Add to cart')]/ancestor::a"}
RESULT: {"using":"xpath","value":"//ul[@id='homefeatured']//*[contains(text(), '27')]/ancestor::div[contains(@class, 'product-container')]//a[contains(text(), 'Blouse')]/ancestor::div[contains(@class, 'product-container')]//*[contains(text(), 'Add to cart')]/ancestor::a"}
COMMAND: POST /session/23f0169064fed800be9407b0a0df72f3/execute/sync - {"script":"return (function bgClickByXpath(xpath) {\n\tdocument.evaluate(xpath, document, null, XPathResult.FIRST_ORDERED_NODE_TYPE, null).singleNodeValue.click();\n}).apply(null, arguments)","args":["//ul[@id='homefeatured']//*[contains(text(), '27')]/ancestor::div[contains(@class, 'product-container')]//a[contains(text(), 'Blouse')]/ancestor::div[contains(@class, 'product-container')]//*[contains(text(), 'Add to cart')]/ancestor::a"]}
RESULT: {"script":"return (function bgClickByXpath(xpath) {\n\tdocument.evaluate(xpath, document, null, XPathResult.FIRST_ORDERED_NODE_TYPE, null).singleNodeValue.click();\n}).apply(null, arguments)","args":["//ul[@id='homefeatured']//*[contains(text(), '27')]/ancestor::div[contains(@class, 'product-container')]//a[contains(text(), 'Blouse')]/ancestor::div[contains(@class, 'product-container')]//*[contains(text(), 'Add to cart')]/ancestor::a"]}
COMMAND: POST /session/23f0169064fed800be9407b0a0df72f3/element - {"using":"xpath","value":"//h2[normalize-space()='Product successfully added to your shopping cart']"}
RESULT: {"using":"xpath","value":"//h2[normalize-space()='Product successfully added to your shopping cart']"}
COMMAND: POST /session/23f0169064fed800be9407b0a0df72f3/execute/sync - {"script":"return (function isElementDisplayed(element) {\n    function nodeIsElement(node) {\n        if (!node) {\n            return false;\n        }\n        switch (node.nodeType) {\n            case Node.ELEMEN ... (5353 more bytes)","args":[{"element-6066-11e4-a52e-4f735466cecf":"e6aaf277-5fbf-42c8-a32b-86ab8939f406","ELEMENT":"e6aaf277-5fbf-42c8-a32b-86ab8939f406"}]}
RESULT: {"script":"return (function isElementDisplayed(element) {\n    function nodeIsElement(node) {\n        if (!node) {\n            return false;\n        }\n        switch (node.nodeType) {\n            case Node.ELEMEN ... (5353 more bytes)","args":[{"element-6066-11e4-a52e-4f735466cecf":"e6aaf277-5fbf-42c8-a32b-86ab8939f406","ELEMENT":"e6aaf277-5fbf-42c8-a32b-86ab8939f406"}]}
COMMAND: POST /session/23f0169064fed800be9407b0a0df72f3/execute/sync - {"script":"return (function isElementDisplayed(element) {\n    function nodeIsElement(node) {\n        if (!node) {\n            return false;\n        }\n        switch (node.nodeType) {\n            case Node.ELEMEN ... (5353 more bytes)","args":[{"element-6066-11e4-a52e-4f735466cecf":"e6aaf277-5fbf-42c8-a32b-86ab8939f406","ELEMENT":"e6aaf277-5fbf-42c8-a32b-86ab8939f406"}]}
RESULT: {"script":"return (function isElementDisplayed(element) {\n    function nodeIsElement(node) {\n        if (!node) {\n            return false;\n        }\n        switch (node.nodeType) {\n            case Node.ELEMEN ... (5353 more bytes)","args":[{"element-6066-11e4-a52e-4f735466cecf":"e6aaf277-5fbf-42c8-a32b-86ab8939f406","ELEMENT":"e6aaf277-5fbf-42c8-a32b-86ab8939f406"}]}
COMMAND: POST /session/23f0169064fed800be9407b0a0df72f3/execute/sync - {"script":"return (function isElementDisplayed(element) {\n    function nodeIsElement(node) {\n        if (!node) {\n            return false;\n        }\n        switch (node.nodeType) {\n            case Node.ELEMEN ... (5353 more bytes)","args":[{"element-6066-11e4-a52e-4f735466cecf":"e6aaf277-5fbf-42c8-a32b-86ab8939f406","ELEMENT":"e6aaf277-5fbf-42c8-a32b-86ab8939f406"}]}
RESULT: {"script":"return (function isElementDisplayed(element) {\n    function nodeIsElement(node) {\n        if (!node) {\n            return false;\n        }\n        switch (node.nodeType) {\n            case Node.ELEMEN ... (5353 more bytes)","args":[{"element-6066-11e4-a52e-4f735466cecf":"e6aaf277-5fbf-42c8-a32b-86ab8939f406","ELEMENT":"e6aaf277-5fbf-42c8-a32b-86ab8939f406"}]}
COMMAND: POST /session/23f0169064fed800be9407b0a0df72f3/element - {"using":"xpath","value":"//h2[normalize-space()='Product successfully added to your shopping cart']"}
RESULT: {"using":"xpath","value":"//h2[normalize-space()='Product successfully added to your shopping cart']"}
COMMAND: POST /session/23f0169064fed800be9407b0a0df72f3/execute/sync - {"script":"return (function isElementDisplayed(element) {\n    function nodeIsElement(node) {\n        if (!node) {\n            return false;\n        }\n        switch (node.nodeType) {\n            case Node.ELEMEN ... (5353 more bytes)","args":[{"element-6066-11e4-a52e-4f735466cecf":"e6aaf277-5fbf-42c8-a32b-86ab8939f406","ELEMENT":"e6aaf277-5fbf-42c8-a32b-86ab8939f406"}]}
RESULT: {"script":"return (function isElementDisplayed(element) {\n    function nodeIsElement(node) {\n        if (!node) {\n            return false;\n        }\n        switch (node.nodeType) {\n            case Node.ELEMEN ... (5353 more bytes)","args":[{"element-6066-11e4-a52e-4f735466cecf":"e6aaf277-5fbf-42c8-a32b-86ab8939f406","ELEMENT":"e6aaf277-5fbf-42c8-a32b-86ab8939f406"}]}
]]>
      </system-out>
    </testcase>
    <testcase classname="chrome.87_0_4280_88.linux.Test_for_basic_item_purchase_process" name="proceeds_to_Cart_summary_page_and_validates_the_chosen_item_in_cart" time="2.044">
      <system-out>
        <![CDATA[
COMMAND: POST /session/23f0169064fed800be9407b0a0df72f3/element - {"using":"xpath","value":"//*[contains(@class, 'button-container')]//a[contains(@title, 'Proceed to checkout')]"}
RESULT: {"using":"xpath","value":"//*[contains(@class, 'button-container')]//a[contains(@title, 'Proceed to checkout')]"}
COMMAND: POST /session/23f0169064fed800be9407b0a0df72f3/element/9f14876a-29b1-4b98-9c18-bd2c281f56d4/click - {}
RESULT: {}
COMMAND: POST /session/23f0169064fed800be9407b0a0df72f3/element - {"using":"xpath","value":"//div[@id='center_column']//*[contains(text(), 'Shopping-cart summary')]"}
RESULT: {"using":"xpath","value":"//div[@id='center_column']//*[contains(text(), 'Shopping-cart summary')]"}
COMMAND: POST /session/23f0169064fed800be9407b0a0df72f3/execute/sync - {"script":"return (function isElementDisplayed(element) {\n    function nodeIsElement(node) {\n        if (!node) {\n            return false;\n        }\n        switch (node.nodeType) {\n            case Node.ELEMEN ... (5353 more bytes)","args":[{"element-6066-11e4-a52e-4f735466cecf":"9b1bc194-31ac-44f9-8483-5f0ae50f8719","ELEMENT":"9b1bc194-31ac-44f9-8483-5f0ae50f8719"}]}
RESULT: {"script":"return (function isElementDisplayed(element) {\n    function nodeIsElement(node) {\n        if (!node) {\n            return false;\n        }\n        switch (node.nodeType) {\n            case Node.ELEMEN ... (5353 more bytes)","args":[{"element-6066-11e4-a52e-4f735466cecf":"9b1bc194-31ac-44f9-8483-5f0ae50f8719","ELEMENT":"9b1bc194-31ac-44f9-8483-5f0ae50f8719"}]}
COMMAND: POST /session/23f0169064fed800be9407b0a0df72f3/element - {"using":"xpath","value":"//div[contains(@class, 'shopping_cart')]//*[contains(text(), 'Blouse')]"}
RESULT: {"using":"xpath","value":"//div[contains(@class, 'shopping_cart')]//*[contains(text(), 'Blouse')]"}
COMMAND: POST /session/23f0169064fed800be9407b0a0df72f3/elements - {"using":"xpath","value":"//div[contains(@class, 'shopping_cart')]//*[contains(text(), 'Blouse')]"}
RESULT: {"using":"xpath","value":"//div[contains(@class, 'shopping_cart')]//*[contains(text(), 'Blouse')]"}
]]>
      </system-out>
    </testcase>
    <testcase classname="chrome.87_0_4280_88.linux.Test_for_basic_item_purchase_process" name="Logs_in_with_credentials_and_proceeds_to_Addresses_page" time="4.703">
      <system-out>
        <![CDATA[
COMMAND: POST /session/23f0169064fed800be9407b0a0df72f3/element - {"using":"xpath","value":"//*[contains(@class, 'cart_navigation clearfix')]//a[contains(@title, 'Proceed to checkout')]"}
RESULT: {"using":"xpath","value":"//*[contains(@class, 'cart_navigation clearfix')]//a[contains(@title, 'Proceed to checkout')]"}
COMMAND: POST /session/23f0169064fed800be9407b0a0df72f3/element/1efa6749-5096-468b-9dbb-e641e578c190/click - {}
RESULT: {}
COMMAND: POST /session/23f0169064fed800be9407b0a0df72f3/element - {"using":"xpath","value":"//div[@id='center_column']//*[contains(text(), 'Authentication')]"}
RESULT: {"using":"xpath","value":"//div[@id='center_column']//*[contains(text(), 'Authentication')]"}
COMMAND: POST /session/23f0169064fed800be9407b0a0df72f3/execute/sync - {"script":"return (function isElementDisplayed(element) {\n    function nodeIsElement(node) {\n        if (!node) {\n            return false;\n        }\n        switch (node.nodeType) {\n            case Node.ELEMEN ... (5353 more bytes)","args":[{"element-6066-11e4-a52e-4f735466cecf":"9d152349-e483-42dc-ba83-83cdf749269b","ELEMENT":"9d152349-e483-42dc-ba83-83cdf749269b"}]}
RESULT: {"script":"return (function isElementDisplayed(element) {\n    function nodeIsElement(node) {\n        if (!node) {\n            return false;\n        }\n        switch (node.nodeType) {\n            case Node.ELEMEN ... (5353 more bytes)","args":[{"element-6066-11e4-a52e-4f735466cecf":"9d152349-e483-42dc-ba83-83cdf749269b","ELEMENT":"9d152349-e483-42dc-ba83-83cdf749269b"}]}
COMMAND: POST /session/23f0169064fed800be9407b0a0df72f3/element - {"using":"xpath","value":"//input[@id='email']"}
RESULT: {"using":"xpath","value":"//input[@id='email']"}
COMMAND: POST /session/23f0169064fed800be9407b0a0df72f3/element/b23ddd55-b1b0-4e40-959a-614dc1cd6bb8/clear - {}
RESULT: {}
COMMAND: POST /session/23f0169064fed800be9407b0a0df72f3/element/b23ddd55-b1b0-4e40-959a-614dc1cd6bb8/value - {"text":"johndoe@email.com"}
RESULT: {"text":"johndoe@email.com"}
COMMAND: POST /session/23f0169064fed800be9407b0a0df72f3/element - {"using":"xpath","value":"//input[@id='passwd']"}
RESULT: {"using":"xpath","value":"//input[@id='passwd']"}
COMMAND: POST /session/23f0169064fed800be9407b0a0df72f3/element/b8476b07-0349-4846-8b7c-04406196a9e0/clear - {}
RESULT: {}
COMMAND: POST /session/23f0169064fed800be9407b0a0df72f3/element/b8476b07-0349-4846-8b7c-04406196a9e0/value - {"text":"qweRTY10"}
RESULT: {"text":"qweRTY10"}
COMMAND: POST /session/23f0169064fed800be9407b0a0df72f3/element - {"using":"xpath","value":"//button[@id='SubmitLogin']"}
RESULT: {"using":"xpath","value":"//button[@id='SubmitLogin']"}
COMMAND: POST /session/23f0169064fed800be9407b0a0df72f3/element/3ca6d18d-3b32-42e5-8f14-5e2ddb0cb311/click - {}
RESULT: {}
COMMAND: POST /session/23f0169064fed800be9407b0a0df72f3/element - {"using":"xpath","value":"//div[@id='center_column']//*[contains(text(), 'Addresses')]"}
RESULT: {"using":"xpath","value":"//div[@id='center_column']//*[contains(text(), 'Addresses')]"}
COMMAND: POST /session/23f0169064fed800be9407b0a0df72f3/execute/sync - {"script":"return (function isElementDisplayed(element) {\n    function nodeIsElement(node) {\n        if (!node) {\n            return false;\n        }\n        switch (node.nodeType) {\n            case Node.ELEMEN ... (5353 more bytes)","args":[{"element-6066-11e4-a52e-4f735466cecf":"fdf16992-6183-4903-834c-bb52e606a5c2","ELEMENT":"fdf16992-6183-4903-834c-bb52e606a5c2"}]}
RESULT: {"script":"return (function isElementDisplayed(element) {\n    function nodeIsElement(node) {\n        if (!node) {\n            return false;\n        }\n        switch (node.nodeType) {\n            case Node.ELEMEN ... (5353 more bytes)","args":[{"element-6066-11e4-a52e-4f735466cecf":"fdf16992-6183-4903-834c-bb52e606a5c2","ELEMENT":"fdf16992-6183-4903-834c-bb52e606a5c2"}]}
]]>
      </system-out>
    </testcase>
    <testcase classname="chrome.87_0_4280_88.linux.Test_for_basic_item_purchase_process" name="proceeds_to_Shipping_page_and_checks_page_headline" time="1.402">
      <system-out>
        <![CDATA[
COMMAND: POST /session/23f0169064fed800be9407b0a0df72f3/element - {"using":"xpath","value":"//*[contains(text(), 'Proceed to checkout')]/ancestor::button"}
RESULT: {"using":"xpath","value":"//*[contains(text(), 'Proceed to checkout')]/ancestor::button"}
COMMAND: POST /session/23f0169064fed800be9407b0a0df72f3/element/39ecea98-0f99-45aa-ae46-8c51c5978c24/click - {}
RESULT: {}
COMMAND: POST /session/23f0169064fed800be9407b0a0df72f3/element - {"using":"xpath","value":"//div[@id='center_column']//*[contains(text(), 'Shipping')]"}
RESULT: {"using":"xpath","value":"//div[@id='center_column']//*[contains(text(), 'Shipping')]"}
COMMAND: POST /session/23f0169064fed800be9407b0a0df72f3/execute/sync - {"script":"return (function isElementDisplayed(element) {\n    function nodeIsElement(node) {\n        if (!node) {\n            return false;\n        }\n        switch (node.nodeType) {\n            case Node.ELEMEN ... (5353 more bytes)","args":[{"element-6066-11e4-a52e-4f735466cecf":"687ac081-de29-46e4-b775-b09eab83b749","ELEMENT":"687ac081-de29-46e4-b775-b09eab83b749"}]}
RESULT: {"script":"return (function isElementDisplayed(element) {\n    function nodeIsElement(node) {\n        if (!node) {\n            return false;\n        }\n        switch (node.nodeType) {\n            case Node.ELEMEN ... (5353 more bytes)","args":[{"element-6066-11e4-a52e-4f735466cecf":"687ac081-de29-46e4-b775-b09eab83b749","ELEMENT":"687ac081-de29-46e4-b775-b09eab83b749"}]}
COMMAND: POST /session/23f0169064fed800be9407b0a0df72f3/element - {"using":"xpath","value":"//div[@id='center_column']//*[contains(text(), 'Shipping')]"}
RESULT: {"using":"xpath","value":"//div[@id='center_column']//*[contains(text(), 'Shipping')]"}
COMMAND: POST /session/23f0169064fed800be9407b0a0df72f3/execute/sync - {"script":"return (function isElementDisplayed(element) {\n    function nodeIsElement(node) {\n        if (!node) {\n            return false;\n        }\n        switch (node.nodeType) {\n            case Node.ELEMEN ... (5353 more bytes)","args":[{"element-6066-11e4-a52e-4f735466cecf":"687ac081-de29-46e4-b775-b09eab83b749","ELEMENT":"687ac081-de29-46e4-b775-b09eab83b749"}]}
RESULT: {"script":"return (function isElementDisplayed(element) {\n    function nodeIsElement(node) {\n        if (!node) {\n            return false;\n        }\n        switch (node.nodeType) {\n            case Node.ELEMEN ... (5353 more bytes)","args":[{"element-6066-11e4-a52e-4f735466cecf":"687ac081-de29-46e4-b775-b09eab83b749","ELEMENT":"687ac081-de29-46e4-b775-b09eab83b749"}]}
]]>
      </system-out>
    </testcase>
    <testcase classname="chrome.87_0_4280_88.linux.Test_for_basic_item_purchase_process" name="proceeds_to_payment_chooses_payment_method_and_proceeds_to_Order_summary_page" time="5.403">
      <system-out>
        <![CDATA[
COMMAND: POST /session/23f0169064fed800be9407b0a0df72f3/element - {"using":"xpath","value":"//p[contains(text(), 'Terms of service')]/following-sibling::p//input[@type='checkbox']"}
RESULT: {"using":"xpath","value":"//p[contains(text(), 'Terms of service')]/following-sibling::p//input[@type='checkbox']"}
COMMAND: POST /session/23f0169064fed800be9407b0a0df72f3/element/6fe631a5-9c2b-4a46-9224-faf6d60944a0/click - {}
RESULT: {}
COMMAND: POST /session/23f0169064fed800be9407b0a0df72f3/element - {"using":"xpath","value":"//*[contains(text(), 'Proceed to checkout')]/ancestor::button"}
RESULT: {"using":"xpath","value":"//*[contains(text(), 'Proceed to checkout')]/ancestor::button"}
COMMAND: POST /session/23f0169064fed800be9407b0a0df72f3/element/c9ebf517-8d0f-4f01-9c54-0020e7ab96a8/click - {}
RESULT: {}
COMMAND: POST /session/23f0169064fed800be9407b0a0df72f3/element - {"using":"xpath","value":"//a[contains(@title, 'Pay by bank wire')]"}
RESULT: {"using":"xpath","value":"//a[contains(@title, 'Pay by bank wire')]"}
COMMAND: POST /session/23f0169064fed800be9407b0a0df72f3/execute/sync - {"script":"return (function isElementDisplayed(element) {\n    function nodeIsElement(node) {\n        if (!node) {\n            return false;\n        }\n        switch (node.nodeType) {\n            case Node.ELEMEN ... (5353 more bytes)","args":[{"element-6066-11e4-a52e-4f735466cecf":"8462baff-8b1b-45b5-b699-52396e73b34b","ELEMENT":"8462baff-8b1b-45b5-b699-52396e73b34b"}]}
RESULT: {"script":"return (function isElementDisplayed(element) {\n    function nodeIsElement(node) {\n        if (!node) {\n            return false;\n        }\n        switch (node.nodeType) {\n            case Node.ELEMEN ... (5353 more bytes)","args":[{"element-6066-11e4-a52e-4f735466cecf":"8462baff-8b1b-45b5-b699-52396e73b34b","ELEMENT":"8462baff-8b1b-45b5-b699-52396e73b34b"}]}
COMMAND: POST /session/23f0169064fed800be9407b0a0df72f3/execute/sync - {"script":"return (function isElementClickable(elem) {\n    if (!elem.getBoundingClientRect || !elem.scrollIntoView || !elem.contains || !elem.getClientRects || !document.elementFromPoint) {\n        return false; ... (3808 more bytes)","args":[{"element-6066-11e4-a52e-4f735466cecf":"8462baff-8b1b-45b5-b699-52396e73b34b","ELEMENT":"8462baff-8b1b-45b5-b699-52396e73b34b"}]}
RESULT: {"script":"return (function isElementClickable(elem) {\n    if (!elem.getBoundingClientRect || !elem.scrollIntoView || !elem.contains || !elem.getClientRects || !document.elementFromPoint) {\n        return false; ... (3808 more bytes)","args":[{"element-6066-11e4-a52e-4f735466cecf":"8462baff-8b1b-45b5-b699-52396e73b34b","ELEMENT":"8462baff-8b1b-45b5-b699-52396e73b34b"}]}
COMMAND: POST /session/23f0169064fed800be9407b0a0df72f3/element - {"using":"xpath","value":"//a[contains(@title, 'Pay by bank wire')]"}
RESULT: {"using":"xpath","value":"//a[contains(@title, 'Pay by bank wire')]"}
COMMAND: POST /session/23f0169064fed800be9407b0a0df72f3/element/8462baff-8b1b-45b5-b699-52396e73b34b/click - {}
RESULT: {}
COMMAND: POST /session/23f0169064fed800be9407b0a0df72f3/element - {"using":"xpath","value":"//*[contains(text(), 'Order summary')]"}
RESULT: {"using":"xpath","value":"//*[contains(text(), 'Order summary')]"}
COMMAND: POST /session/23f0169064fed800be9407b0a0df72f3/execute/sync - {"script":"return (function isElementDisplayed(element) {\n    function nodeIsElement(node) {\n        if (!node) {\n            return false;\n        }\n        switch (node.nodeType) {\n            case Node.ELEMEN ... (5353 more bytes)","args":[{"element-6066-11e4-a52e-4f735466cecf":"36d71888-c9c8-4da4-bf9d-ad5873617158","ELEMENT":"36d71888-c9c8-4da4-bf9d-ad5873617158"}]}
RESULT: {"script":"return (function isElementDisplayed(element) {\n    function nodeIsElement(node) {\n        if (!node) {\n            return false;\n        }\n        switch (node.nodeType) {\n            case Node.ELEMEN ... (5353 more bytes)","args":[{"element-6066-11e4-a52e-4f735466cecf":"36d71888-c9c8-4da4-bf9d-ad5873617158","ELEMENT":"36d71888-c9c8-4da4-bf9d-ad5873617158"}]}
COMMAND: POST /session/23f0169064fed800be9407b0a0df72f3/element - {"using":"xpath","value":"//*[contains(text(), 'Order summary')]"}
RESULT: {"using":"xpath","value":"//*[contains(text(), 'Order summary')]"}
COMMAND: POST /session/23f0169064fed800be9407b0a0df72f3/execute/sync - {"script":"return (function isElementDisplayed(element) {\n    function nodeIsElement(node) {\n        if (!node) {\n            return false;\n        }\n        switch (node.nodeType) {\n            case Node.ELEMEN ... (5353 more bytes)","args":[{"element-6066-11e4-a52e-4f735466cecf":"36d71888-c9c8-4da4-bf9d-ad5873617158","ELEMENT":"36d71888-c9c8-4da4-bf9d-ad5873617158"}]}
RESULT: {"script":"return (function isElementDisplayed(element) {\n    function nodeIsElement(node) {\n        if (!node) {\n            return false;\n        }\n        switch (node.nodeType) {\n            case Node.ELEMEN ... (5353 more bytes)","args":[{"element-6066-11e4-a52e-4f735466cecf":"36d71888-c9c8-4da4-bf9d-ad5873617158","ELEMENT":"36d71888-c9c8-4da4-bf9d-ad5873617158"}]}
]]>
      </system-out>
    </testcase>
    <testcase classname="chrome.87_0_4280_88.linux.Test_for_basic_item_purchase_process" name="confirms_order_and_checks_Confirmation_page_headline" time="1.782">
      <system-out>
        <![CDATA[
COMMAND: POST /session/23f0169064fed800be9407b0a0df72f3/element - {"using":"xpath","value":"//*[contains(text(), 'confirm my order')]/ancestor::button"}
RESULT: {"using":"xpath","value":"//*[contains(text(), 'confirm my order')]/ancestor::button"}
COMMAND: POST /session/23f0169064fed800be9407b0a0df72f3/element/0fddecbb-243a-4b0d-9adc-65494b83b072/click - {}
RESULT: {}
COMMAND: POST /session/23f0169064fed800be9407b0a0df72f3/element - {"using":"xpath","value":"//div[@id='center_column']//*[contains(text(), 'Order confirmation')]"}
RESULT: {"using":"xpath","value":"//div[@id='center_column']//*[contains(text(), 'Order confirmation')]"}
COMMAND: POST /session/23f0169064fed800be9407b0a0df72f3/execute/sync - {"script":"return (function isElementDisplayed(element) {\n    function nodeIsElement(node) {\n        if (!node) {\n            return false;\n        }\n        switch (node.nodeType) {\n            case Node.ELEMEN ... (5353 more bytes)","args":[{"element-6066-11e4-a52e-4f735466cecf":"e312dc59-0817-47e6-bbca-be77b2ce1a46","ELEMENT":"e312dc59-0817-47e6-bbca-be77b2ce1a46"}]}
RESULT: {"script":"return (function isElementDisplayed(element) {\n    function nodeIsElement(node) {\n        if (!node) {\n            return false;\n        }\n        switch (node.nodeType) {\n            case Node.ELEMEN ... (5353 more bytes)","args":[{"element-6066-11e4-a52e-4f735466cecf":"e312dc59-0817-47e6-bbca-be77b2ce1a46","ELEMENT":"e312dc59-0817-47e6-bbca-be77b2ce1a46"}]}
COMMAND: POST /session/23f0169064fed800be9407b0a0df72f3/element - {"using":"xpath","value":"//div[@id='center_column']//*[contains(text(), 'Order confirmation')]"}
RESULT: {"using":"xpath","value":"//div[@id='center_column']//*[contains(text(), 'Order confirmation')]"}
COMMAND: POST /session/23f0169064fed800be9407b0a0df72f3/execute/sync - {"script":"return (function isElementDisplayed(element) {\n    function nodeIsElement(node) {\n        if (!node) {\n            return false;\n        }\n        switch (node.nodeType) {\n            case Node.ELEMEN ... (5353 more bytes)","args":[{"element-6066-11e4-a52e-4f735466cecf":"e312dc59-0817-47e6-bbca-be77b2ce1a46","ELEMENT":"e312dc59-0817-47e6-bbca-be77b2ce1a46"}]}
RESULT: {"script":"return (function isElementDisplayed(element) {\n    function nodeIsElement(node) {\n        if (!node) {\n            return false;\n        }\n        switch (node.nodeType) {\n            case Node.ELEMEN ... (5353 more bytes)","args":[{"element-6066-11e4-a52e-4f735466cecf":"e312dc59-0817-47e6-bbca-be77b2ce1a46","ELEMENT":"e312dc59-0817-47e6-bbca-be77b2ce1a46"}]}
COMMAND: DELETE /session/23f0169064fed800be9407b0a0df72f3 - {}
RESULT: {}
]]>
      </system-out>
    </testcase>
  </testsuite>
</testsuites>