<?xml version="1.0" encoding="UTF-8"?>
<testsuites>
  <testsuite name="Test for registration process" timestamp="2021-05-17T20:47:18" time="13.936" tests="3" failures="0" errors="0" skipped="0">
    <properties>
      <property name="specId" value="0"/>
      <property name="suiteName" value="Test for registration process"/>
      <property name="capabilities" value="chrome.87_0_4280_88.linux"/>
      <property name="file" value="./wdioTests/specs/register.js"/>
    </properties>
    <testcase classname="chrome.87_0_4280_88.linux.Test for registration process" name="navigate to Sign in page and check if it displays" time="2.164">
      <system-out><![CDATA[
COMMAND: POST /session/f8f48ede0fedd71de0e009b088cecffc/element - {"using":"xpath","value":"//a[contains(text(), 'Sign in')]"}
RESULT: {"using":"xpath","value":"//a[contains(text(), 'Sign in')]"}
COMMAND: POST /session/f8f48ede0fedd71de0e009b088cecffc/elements - {"using":"xpath","value":"//a[contains(text(), 'Sign in')]"}
RESULT: {"using":"xpath","value":"//a[contains(text(), 'Sign in')]"}
COMMAND: POST /session/f8f48ede0fedd71de0e009b088cecffc/element - {"using":"xpath","value":"//a[contains(text(), 'Sign in')]"}
RESULT: {"using":"xpath","value":"//a[contains(text(), 'Sign in')]"}
COMMAND: POST /session/f8f48ede0fedd71de0e009b088cecffc/element/d9f087d9-8d7d-4707-a5bc-cc9075bdcffb/click - {}
RESULT: {}
COMMAND: POST /session/f8f48ede0fedd71de0e009b088cecffc/element - {"using":"xpath","value":"//*[contains(text(), 'Create an account')]"}
RESULT: {"using":"xpath","value":"//*[contains(text(), 'Create an account')]"}
COMMAND: POST /session/f8f48ede0fedd71de0e009b088cecffc/execute/sync - {"script":"return (function isElementDisplayed(element) {\n    function nodeIsElement(node) {\n        if (!node) {\n            return false;\n        }\n        switch (node.nodeType) {\n            case Node.ELEMEN ... (5353 more bytes)","args":[{"element-6066-11e4-a52e-4f735466cecf":"3e9ec8fb-e176-4f40-9237-8d457d6719eb","ELEMENT":"3e9ec8fb-e176-4f40-9237-8d457d6719eb"}]}
RESULT: {"script":"return (function isElementDisplayed(element) {\n    function nodeIsElement(node) {\n        if (!node) {\n            return false;\n        }\n        switch (node.nodeType) {\n            case Node.ELEMEN ... (5353 more bytes)","args":[{"element-6066-11e4-a52e-4f735466cecf":"3e9ec8fb-e176-4f40-9237-8d457d6719eb","ELEMENT":"3e9ec8fb-e176-4f40-9237-8d457d6719eb"}]}
COMMAND: POST /session/f8f48ede0fedd71de0e009b088cecffc/element - {"using":"xpath","value":"//*[contains(text(), 'Create an account')]"}
RESULT: {"using":"xpath","value":"//*[contains(text(), 'Create an account')]"}
COMMAND: POST /session/f8f48ede0fedd71de0e009b088cecffc/execute/sync - {"script":"return (function isElementDisplayed(element) {\n    function nodeIsElement(node) {\n        if (!node) {\n            return false;\n        }\n        switch (node.nodeType) {\n            case Node.ELEMEN ... (5353 more bytes)","args":[{"element-6066-11e4-a52e-4f735466cecf":"3e9ec8fb-e176-4f40-9237-8d457d6719eb","ELEMENT":"3e9ec8fb-e176-4f40-9237-8d457d6719eb"}]}
RESULT: {"script":"return (function isElementDisplayed(element) {\n    function nodeIsElement(node) {\n        if (!node) {\n            return false;\n        }\n        switch (node.nodeType) {\n            case Node.ELEMEN ... (5353 more bytes)","args":[{"element-6066-11e4-a52e-4f735466cecf":"3e9ec8fb-e176-4f40-9237-8d457d6719eb","ELEMENT":"3e9ec8fb-e176-4f40-9237-8d457d6719eb"}]}
]]></system-out>
    </testcase>
    <testcase classname="chrome.87_0_4280_88.linux.Test for registration process" name="creates account and check if it proceeds to registration form" time="2.389">
      <system-out><![CDATA[
COMMAND: POST /session/f8f48ede0fedd71de0e009b088cecffc/element - {"using":"xpath","value":"//input[@id='email_create']"}
RESULT: {"using":"xpath","value":"//input[@id='email_create']"}
COMMAND: POST /session/f8f48ede0fedd71de0e009b088cecffc/element/dbbd6905-b6c4-4473-bab6-62a5c3b22f05/clear - {}
RESULT: {}
COMMAND: POST /session/f8f48ede0fedd71de0e009b088cecffc/element/dbbd6905-b6c4-4473-bab6-62a5c3b22f05/value - {"text":"johnsmitheg5e8eh@email.com"}
RESULT: {"text":"johnsmitheg5e8eh@email.com"}
COMMAND: POST /session/f8f48ede0fedd71de0e009b088cecffc/element - {"using":"xpath","value":"//button[@id='SubmitCreate']"}
RESULT: {"using":"xpath","value":"//button[@id='SubmitCreate']"}
COMMAND: POST /session/f8f48ede0fedd71de0e009b088cecffc/element/bd5684c0-9536-4236-a059-366884e98490/click - {}
RESULT: {}
COMMAND: POST /session/f8f48ede0fedd71de0e009b088cecffc/element - {"using":"xpath","value":"//input[@id='customer_firstname']"}
RESULT: {"using":"xpath","value":"//input[@id='customer_firstname']"}
COMMAND: POST /session/f8f48ede0fedd71de0e009b088cecffc/elements - {"using":"xpath","value":"//input[@id='customer_firstname']"}
RESULT: {"using":"xpath","value":"//input[@id='customer_firstname']"}
COMMAND: POST /session/f8f48ede0fedd71de0e009b088cecffc/elements - {"using":"xpath","value":"//input[@id='customer_firstname']"}
RESULT: {"using":"xpath","value":"//input[@id='customer_firstname']"}
COMMAND: POST /session/f8f48ede0fedd71de0e009b088cecffc/elements - {"using":"xpath","value":"//input[@id='customer_firstname']"}
RESULT: {"using":"xpath","value":"//input[@id='customer_firstname']"}
COMMAND: POST /session/f8f48ede0fedd71de0e009b088cecffc/elements - {"using":"xpath","value":"//input[@id='customer_firstname']"}
RESULT: {"using":"xpath","value":"//input[@id='customer_firstname']"}
COMMAND: POST /session/f8f48ede0fedd71de0e009b088cecffc/elements - {"using":"xpath","value":"//input[@id='customer_firstname']"}
RESULT: {"using":"xpath","value":"//input[@id='customer_firstname']"}
COMMAND: POST /session/f8f48ede0fedd71de0e009b088cecffc/element - {"using":"xpath","value":"//*[contains(text(), 'Your personal information')]"}
RESULT: {"using":"xpath","value":"//*[contains(text(), 'Your personal information')]"}
COMMAND: POST /session/f8f48ede0fedd71de0e009b088cecffc/execute/sync - {"script":"return (function isElementDisplayed(element) {\n    function nodeIsElement(node) {\n        if (!node) {\n            return false;\n        }\n        switch (node.nodeType) {\n            case Node.ELEMEN ... (5353 more bytes)","args":[{"element-6066-11e4-a52e-4f735466cecf":"a42ff632-1772-4a0b-9fc4-474f5cd9e774","ELEMENT":"a42ff632-1772-4a0b-9fc4-474f5cd9e774"}]}
RESULT: {"script":"return (function isElementDisplayed(element) {\n    function nodeIsElement(node) {\n        if (!node) {\n            return false;\n        }\n        switch (node.nodeType) {\n            case Node.ELEMEN ... (5353 more bytes)","args":[{"element-6066-11e4-a52e-4f735466cecf":"a42ff632-1772-4a0b-9fc4-474f5cd9e774","ELEMENT":"a42ff632-1772-4a0b-9fc4-474f5cd9e774"}]}
]]></system-out>
    </testcase>
    <testcase classname="chrome.87_0_4280_88.linux.Test for registration process" name="adds correct registration data and validates that the process was successful" time="4.319">
      <system-out><![CDATA[
COMMAND: POST /session/f8f48ede0fedd71de0e009b088cecffc/element - {"using":"xpath","value":"//input[@id='id_gender1']"}
RESULT: {"using":"xpath","value":"//input[@id='id_gender1']"}
COMMAND: POST /session/f8f48ede0fedd71de0e009b088cecffc/element/59306cdb-c700-4bd7-8c78-c32e5349f279/click - {}
RESULT: {}
COMMAND: POST /session/f8f48ede0fedd71de0e009b088cecffc/element - {"using":"xpath","value":"//input[@id='customer_firstname']"}
RESULT: {"using":"xpath","value":"//input[@id='customer_firstname']"}
COMMAND: POST /session/f8f48ede0fedd71de0e009b088cecffc/element/9442b407-164e-4837-950f-a1f69d78bda4/clear - {}
RESULT: {}
COMMAND: POST /session/f8f48ede0fedd71de0e009b088cecffc/element/9442b407-164e-4837-950f-a1f69d78bda4/value - {"text":"John"}
RESULT: {"text":"John"}
COMMAND: POST /session/f8f48ede0fedd71de0e009b088cecffc/element - {"using":"xpath","value":"//input[@id='customer_lastname']"}
RESULT: {"using":"xpath","value":"//input[@id='customer_lastname']"}
COMMAND: POST /session/f8f48ede0fedd71de0e009b088cecffc/element/11815ec5-5fa2-4277-a5e0-ca1abbda2bf3/clear - {}
RESULT: {}
COMMAND: POST /session/f8f48ede0fedd71de0e009b088cecffc/element/11815ec5-5fa2-4277-a5e0-ca1abbda2bf3/value - {"text":"Smith"}
RESULT: {"text":"Smith"}
COMMAND: POST /session/f8f48ede0fedd71de0e009b088cecffc/element - {"using":"xpath","value":"//input[@id='passwd']"}
RESULT: {"using":"xpath","value":"//input[@id='passwd']"}
COMMAND: POST /session/f8f48ede0fedd71de0e009b088cecffc/element/42cf8a7b-a7fd-4503-ae32-1f84797ab7ee/clear - {}
RESULT: {}
COMMAND: POST /session/f8f48ede0fedd71de0e009b088cecffc/element/42cf8a7b-a7fd-4503-ae32-1f84797ab7ee/value - {"text":"qwerty"}
RESULT: {"text":"qwerty"}
COMMAND: POST /session/f8f48ede0fedd71de0e009b088cecffc/element - {"using":"xpath","value":"//input[@id='address1']"}
RESULT: {"using":"xpath","value":"//input[@id='address1']"}
COMMAND: POST /session/f8f48ede0fedd71de0e009b088cecffc/element/c1e2ad4d-bb1d-4cb8-bb89-f1d1cf3a50cd/clear - {}
RESULT: {}
COMMAND: POST /session/f8f48ede0fedd71de0e009b088cecffc/element/c1e2ad4d-bb1d-4cb8-bb89-f1d1cf3a50cd/value - {"text":"Main Street 100"}
RESULT: {"text":"Main Street 100"}
COMMAND: POST /session/f8f48ede0fedd71de0e009b088cecffc/element - {"using":"xpath","value":"//input[@id='city']"}
RESULT: {"using":"xpath","value":"//input[@id='city']"}
COMMAND: POST /session/f8f48ede0fedd71de0e009b088cecffc/element/7f67f962-1468-422e-89d4-30b5a8469470/clear - {}
RESULT: {}
COMMAND: POST /session/f8f48ede0fedd71de0e009b088cecffc/element/7f67f962-1468-422e-89d4-30b5a8469470/value - {"text":"Denver"}
RESULT: {"text":"Denver"}
COMMAND: POST /session/f8f48ede0fedd71de0e009b088cecffc/element - {"using":"xpath","value":"//select[@id='id_state']//option[contains(text(), 'Colorado')]"}
RESULT: {"using":"xpath","value":"//select[@id='id_state']//option[contains(text(), 'Colorado')]"}
COMMAND: POST /session/f8f48ede0fedd71de0e009b088cecffc/element/0709ea6f-4011-4148-aaac-99dcde1e738d/click - {}
RESULT: {}
COMMAND: POST /session/f8f48ede0fedd71de0e009b088cecffc/element - {"using":"xpath","value":"//input[@id='postcode']"}
RESULT: {"using":"xpath","value":"//input[@id='postcode']"}
COMMAND: POST /session/f8f48ede0fedd71de0e009b088cecffc/element/747b9d9f-67b7-4091-9b1f-3485e09cfeff/clear - {}
RESULT: {}
COMMAND: POST /session/f8f48ede0fedd71de0e009b088cecffc/element/747b9d9f-67b7-4091-9b1f-3485e09cfeff/value - {"text":"10000"}
RESULT: {"text":"10000"}
COMMAND: POST /session/f8f48ede0fedd71de0e009b088cecffc/element - {"using":"xpath","value":"//input[@id='phone_mobile']"}
RESULT: {"using":"xpath","value":"//input[@id='phone_mobile']"}
COMMAND: POST /session/f8f48ede0fedd71de0e009b088cecffc/element/534fea94-5178-4e9d-8bd8-62e08f0f9baf/clear - {}
RESULT: {}
COMMAND: POST /session/f8f48ede0fedd71de0e009b088cecffc/element/534fea94-5178-4e9d-8bd8-62e08f0f9baf/value - {"text":"123456789"}
RESULT: {"text":"123456789"}
COMMAND: POST /session/f8f48ede0fedd71de0e009b088cecffc/element - {"using":"xpath","value":"//input[@id='alias']"}
RESULT: {"using":"xpath","value":"//input[@id='alias']"}
COMMAND: GET /session/f8f48ede0fedd71de0e009b088cecffc/element/f703ab15-35a9-4346-8ae3-2a4aa688db36/property/value - {}
RESULT: {}
COMMAND: POST /session/f8f48ede0fedd71de0e009b088cecffc/element/f703ab15-35a9-4346-8ae3-2a4aa688db36/clear - {}
RESULT: {}
COMMAND: POST /session/f8f48ede0fedd71de0e009b088cecffc/element/f703ab15-35a9-4346-8ae3-2a4aa688db36/value - {"text":""}
RESULT: {"text":""}
COMMAND: POST /session/f8f48ede0fedd71de0e009b088cecffc/element/f703ab15-35a9-4346-8ae3-2a4aa688db36/clear - {}
RESULT: {}
COMMAND: POST /session/f8f48ede0fedd71de0e009b088cecffc/element/f703ab15-35a9-4346-8ae3-2a4aa688db36/value - {"text":"johnsmith+alias@email.com"}
RESULT: {"text":"johnsmith+alias@email.com"}
COMMAND: POST /session/f8f48ede0fedd71de0e009b088cecffc/element - {"using":"xpath","value":"//button[@id='submitAccount']"}
RESULT: {"using":"xpath","value":"//button[@id='submitAccount']"}
COMMAND: POST /session/f8f48ede0fedd71de0e009b088cecffc/element/34e3827b-788d-4383-9dcb-48d528790deb/click - {}
RESULT: {}
COMMAND: POST /session/f8f48ede0fedd71de0e009b088cecffc/element - {"using":"xpath","value":"//*[contains(text(), 'Welcome')]"}
RESULT: {"using":"xpath","value":"//*[contains(text(), 'Welcome')]"}
COMMAND: POST /session/f8f48ede0fedd71de0e009b088cecffc/execute/sync - {"script":"return (function isElementDisplayed(element) {\n    function nodeIsElement(node) {\n        if (!node) {\n            return false;\n        }\n        switch (node.nodeType) {\n            case Node.ELEMEN ... (5353 more bytes)","args":[{"element-6066-11e4-a52e-4f735466cecf":"c75ccdd5-f9fe-42d7-a877-26920465d2bc","ELEMENT":"c75ccdd5-f9fe-42d7-a877-26920465d2bc"}]}
RESULT: {"script":"return (function isElementDisplayed(element) {\n    function nodeIsElement(node) {\n        if (!node) {\n            return false;\n        }\n        switch (node.nodeType) {\n            case Node.ELEMEN ... (5353 more bytes)","args":[{"element-6066-11e4-a52e-4f735466cecf":"c75ccdd5-f9fe-42d7-a877-26920465d2bc","ELEMENT":"c75ccdd5-f9fe-42d7-a877-26920465d2bc"}]}
COMMAND: POST /session/f8f48ede0fedd71de0e009b088cecffc/element - {"using":"xpath","value":"//*[contains(text(), 'Welcome')]"}
RESULT: {"using":"xpath","value":"//*[contains(text(), 'Welcome')]"}
COMMAND: POST /session/f8f48ede0fedd71de0e009b088cecffc/execute/sync - {"script":"return (function isElementDisplayed(element) {\n    function nodeIsElement(node) {\n        if (!node) {\n            return false;\n        }\n        switch (node.nodeType) {\n            case Node.ELEMEN ... (5353 more bytes)","args":[{"element-6066-11e4-a52e-4f735466cecf":"c75ccdd5-f9fe-42d7-a877-26920465d2bc","ELEMENT":"c75ccdd5-f9fe-42d7-a877-26920465d2bc"}]}
RESULT: {"script":"return (function isElementDisplayed(element) {\n    function nodeIsElement(node) {\n        if (!node) {\n            return false;\n        }\n        switch (node.nodeType) {\n            case Node.ELEMEN ... (5353 more bytes)","args":[{"element-6066-11e4-a52e-4f735466cecf":"c75ccdd5-f9fe-42d7-a877-26920465d2bc","ELEMENT":"c75ccdd5-f9fe-42d7-a877-26920465d2bc"}]}
COMMAND: DELETE /session/f8f48ede0fedd71de0e009b088cecffc - {}
RESULT: {}
]]></system-out>
    </testcase>
  </testsuite>
</testsuites>