<?xml version="1.0" encoding="UTF-8"?>
<testsuites>
  <testsuite name="Test for login process" timestamp="2021-05-17T20:47:33" time="15.414" tests="2" failures="0" errors="0" skipped="0">
    <properties>
      <property name="specId" value="0"/>
      <property name="suiteName" value="Test for login process"/>
      <property name="capabilities" value="chrome.87_0_4280_88.linux"/>
      <property name="file" value="./wdioTests/specs/login.js"/>
    </properties>
    <testcase classname="chrome.87_0_4280_88.linux.Test for login process" name="navigate to Sign in page and check if it displays" time="4.58">
      <system-out><![CDATA[
COMMAND: POST /session/863566d7f980fb1cc2b9c545a16cd295/element - {"using":"xpath","value":"//a[contains(text(), 'Sign in')]"}
RESULT: {"using":"xpath","value":"//a[contains(text(), 'Sign in')]"}
COMMAND: POST /session/863566d7f980fb1cc2b9c545a16cd295/elements - {"using":"xpath","value":"//a[contains(text(), 'Sign in')]"}
RESULT: {"using":"xpath","value":"//a[contains(text(), 'Sign in')]"}
COMMAND: POST /session/863566d7f980fb1cc2b9c545a16cd295/element - {"using":"xpath","value":"//a[contains(text(), 'Sign in')]"}
RESULT: {"using":"xpath","value":"//a[contains(text(), 'Sign in')]"}
COMMAND: POST /session/863566d7f980fb1cc2b9c545a16cd295/element/30055ea3-3ce9-4a26-85e6-b954633e700e/click - {}
RESULT: {}
COMMAND: POST /session/863566d7f980fb1cc2b9c545a16cd295/element - {"using":"xpath","value":"//*[contains(text(), 'Create an account')]"}
RESULT: {"using":"xpath","value":"//*[contains(text(), 'Create an account')]"}
COMMAND: POST /session/863566d7f980fb1cc2b9c545a16cd295/execute/sync - {"script":"return (function isElementDisplayed(element) {\n    function nodeIsElement(node) {\n        if (!node) {\n            return false;\n        }\n        switch (node.nodeType) {\n            case Node.ELEMEN ... (5353 more bytes)","args":[{"element-6066-11e4-a52e-4f735466cecf":"3fb0be7a-1604-4371-8516-7c40eeaedcd7","ELEMENT":"3fb0be7a-1604-4371-8516-7c40eeaedcd7"}]}
RESULT: {"script":"return (function isElementDisplayed(element) {\n    function nodeIsElement(node) {\n        if (!node) {\n            return false;\n        }\n        switch (node.nodeType) {\n            case Node.ELEMEN ... (5353 more bytes)","args":[{"element-6066-11e4-a52e-4f735466cecf":"3fb0be7a-1604-4371-8516-7c40eeaedcd7","ELEMENT":"3fb0be7a-1604-4371-8516-7c40eeaedcd7"}]}
COMMAND: POST /session/863566d7f980fb1cc2b9c545a16cd295/element - {"using":"xpath","value":"//*[contains(text(), 'Create an account')]"}
RESULT: {"using":"xpath","value":"//*[contains(text(), 'Create an account')]"}
COMMAND: POST /session/863566d7f980fb1cc2b9c545a16cd295/execute/sync - {"script":"return (function isElementDisplayed(element) {\n    function nodeIsElement(node) {\n        if (!node) {\n            return false;\n        }\n        switch (node.nodeType) {\n            case Node.ELEMEN ... (5353 more bytes)","args":[{"element-6066-11e4-a52e-4f735466cecf":"3fb0be7a-1604-4371-8516-7c40eeaedcd7","ELEMENT":"3fb0be7a-1604-4371-8516-7c40eeaedcd7"}]}
RESULT: {"script":"return (function isElementDisplayed(element) {\n    function nodeIsElement(node) {\n        if (!node) {\n            return false;\n        }\n        switch (node.nodeType) {\n            case Node.ELEMEN ... (5353 more bytes)","args":[{"element-6066-11e4-a52e-4f735466cecf":"3fb0be7a-1604-4371-8516-7c40eeaedcd7","ELEMENT":"3fb0be7a-1604-4371-8516-7c40eeaedcd7"}]}
]]></system-out>
    </testcase>
    <testcase classname="chrome.87_0_4280_88.linux.Test for login process" name="logs in with correct data and validates that the process was successful" time="3.298">
      <system-out><![CDATA[
COMMAND: POST /session/863566d7f980fb1cc2b9c545a16cd295/element - {"using":"xpath","value":"//input[@id='email']"}
RESULT: {"using":"xpath","value":"//input[@id='email']"}
COMMAND: POST /session/863566d7f980fb1cc2b9c545a16cd295/element/1d5f8fc3-cd11-49e0-af30-f6420483ce9c/clear - {}
RESULT: {}
COMMAND: POST /session/863566d7f980fb1cc2b9c545a16cd295/element/1d5f8fc3-cd11-49e0-af30-f6420483ce9c/value - {"text":"johndoe@email.com"}
RESULT: {"text":"johndoe@email.com"}
COMMAND: POST /session/863566d7f980fb1cc2b9c545a16cd295/element - {"using":"xpath","value":"//input[@id='passwd']"}
RESULT: {"using":"xpath","value":"//input[@id='passwd']"}
COMMAND: POST /session/863566d7f980fb1cc2b9c545a16cd295/element/b12c2dcc-d371-4322-ae16-299cfac934cf/clear - {}
RESULT: {}
COMMAND: POST /session/863566d7f980fb1cc2b9c545a16cd295/element/b12c2dcc-d371-4322-ae16-299cfac934cf/value - {"text":"qweRTY10"}
RESULT: {"text":"qweRTY10"}
COMMAND: POST /session/863566d7f980fb1cc2b9c545a16cd295/element - {"using":"xpath","value":"//button[@id='SubmitLogin']"}
RESULT: {"using":"xpath","value":"//button[@id='SubmitLogin']"}
COMMAND: POST /session/863566d7f980fb1cc2b9c545a16cd295/element/7b252e95-e7cf-4def-9267-65b46141ab30/click - {}
RESULT: {}
COMMAND: POST /session/863566d7f980fb1cc2b9c545a16cd295/element - {"using":"xpath","value":"//*[contains(text(), 'Welcome')]"}
RESULT: {"using":"xpath","value":"//*[contains(text(), 'Welcome')]"}
COMMAND: POST /session/863566d7f980fb1cc2b9c545a16cd295/execute/sync - {"script":"return (function isElementDisplayed(element) {\n    function nodeIsElement(node) {\n        if (!node) {\n            return false;\n        }\n        switch (node.nodeType) {\n            case Node.ELEMEN ... (5353 more bytes)","args":[{"element-6066-11e4-a52e-4f735466cecf":"25e063ce-0ddb-431c-adf7-88d20ebbf1cf","ELEMENT":"25e063ce-0ddb-431c-adf7-88d20ebbf1cf"}]}
RESULT: {"script":"return (function isElementDisplayed(element) {\n    function nodeIsElement(node) {\n        if (!node) {\n            return false;\n        }\n        switch (node.nodeType) {\n            case Node.ELEMEN ... (5353 more bytes)","args":[{"element-6066-11e4-a52e-4f735466cecf":"25e063ce-0ddb-431c-adf7-88d20ebbf1cf","ELEMENT":"25e063ce-0ddb-431c-adf7-88d20ebbf1cf"}]}
COMMAND: DELETE /session/863566d7f980fb1cc2b9c545a16cd295 - {}
RESULT: {}
]]></system-out>
    </testcase>
  </testsuite>
</testsuites>